<?xml version="1.0" encoding="UTF-8"?>
<testng-results skipped="0" failed="0" ignored="0" total="1" passed="1">
  <reporter-output>
  </reporter-output>
  <suite name="Default suite" duration-ms="21064" started-at="2019-08-25T16:11:14 IST" finished-at="2019-08-25T16:11:35 IST">
    <groups>
    </groups>
    <test name="Default test" duration-ms="21064" started-at="2019-08-25T16:11:14 IST" finished-at="2019-08-25T16:11:35 IST">
      <class name="fristtestngpackage.FirsttestNGfile1">
        <test-method status="PASS" signature="VerifyAboutPageTitle()[pri:0, instance:fristtestngpackage.FirsttestNGfile1@7dc222ae]" name="VerifyAboutPageTitle" duration-ms="20898" started-at="2019-08-25T16:11:14 IST" finished-at="2019-08-25T16:11:35 IST">
          <reporter-output>
          </reporter-output>
        </test-method> <!-- VerifyAboutPageTitle -->
      </class> <!-- fristtestngpackage.FirsttestNGfile1 -->
    </test> <!-- Default test -->
  </suite> <!-- Default suite -->
</testng-results>
